<?xml version="1.0" encoding="UTF-8"?>
<testsuite name="com.soj.encapsulation.AccountTest" tests="4" skipped="0" failures="0" errors="0" timestamp="2022-02-23T16:04:37" hostname="DESKTOP-H3C67DB" time="0.032">
  <properties/>
  <testcase name="testToGetName()" classname="com.soj.encapsulation.AccountTest" time="0.027"/>
  <testcase name="testToGetAmount()" classname="com.soj.encapsulation.AccountTest" time="0.0"/>
  <testcase name="testToGetTheAccNo()" classname="com.soj.encapsulation.AccountTest" time="0.0"/>
  <testcase name="testToGetEmail()" classname="com.soj.encapsulation.AccountTest" time="0.001"/>
  <system-out><![CDATA[]]></system-out>
  <system-err><![CDATA[]]></system-err>
</testsuite>
